e:\users\s_dae\documents\open frameworks\apps\heavy-object-oriented-programming\les-2\les 2\obj\debug\ofapp.obj
e:\users\s_dae\documents\open frameworks\apps\heavy-object-oriented-programming\les-2\les 2\obj\debug\main.obj
e:\users\s_dae\documents\open frameworks\apps\heavy-object-oriented-programming\les-2\les 2\obj\debug\particle.obj
e:\users\s_dae\documents\open frameworks\apps\heavy-object-oriented-programming\les-2\les 2\obj\debug\vc140.pdb
e:\users\s_dae\documents\open frameworks\apps\heavy-object-oriented-programming\les-2\les 2\bin\les 2_debug.lib
e:\users\s_dae\documents\open frameworks\apps\heavy-object-oriented-programming\les-2\les 2\bin\les 2_debug.exp
e:\users\s_dae\documents\open frameworks\apps\heavy-object-oriented-programming\les-2\les 2\bin\les 2_debug.ilk
e:\users\s_dae\documents\open frameworks\apps\heavy-object-oriented-programming\les-2\les 2\bin\les 2_debug.exe
e:\users\s_dae\documents\open frameworks\apps\heavy-object-oriented-programming\les-2\les 2\bin\les 2_debug.pdb
e:\users\s_dae\documents\open frameworks\apps\heavy-object-oriented-programming\les-2\les 2\obj\debug\icon.res
e:\users\s_dae\documents\open frameworks\apps\heavy-object-oriented-programming\les-2\les 2\obj\debug\les 2.vcxprojresolveassemblyreference.cache
e:\users\s_dae\documents\open frameworks\apps\heavy-object-oriented-programming\les-2\les 2\obj\debug\les 2.tlog\cl.command.1.tlog
e:\users\s_dae\documents\open frameworks\apps\heavy-object-oriented-programming\les-2\les 2\obj\debug\les 2.tlog\cl.read.1.tlog
e:\users\s_dae\documents\open frameworks\apps\heavy-object-oriented-programming\les-2\les 2\obj\debug\les 2.tlog\cl.write.1.tlog
e:\users\s_dae\documents\open frameworks\apps\heavy-object-oriented-programming\les-2\les 2\obj\debug\les 2.tlog\les 2.write.1u.tlog
e:\users\s_dae\documents\open frameworks\apps\heavy-object-oriented-programming\les-2\les 2\obj\debug\les 2.tlog\link.command.1.tlog
e:\users\s_dae\documents\open frameworks\apps\heavy-object-oriented-programming\les-2\les 2\obj\debug\les 2.tlog\link.read.1.tlog
e:\users\s_dae\documents\open frameworks\apps\heavy-object-oriented-programming\les-2\les 2\obj\debug\les 2.tlog\link.write.1.tlog
e:\users\s_dae\documents\open frameworks\apps\heavy-object-oriented-programming\les-2\les 2\obj\debug\les 2.tlog\rc.command.1.tlog
e:\users\s_dae\documents\open frameworks\apps\heavy-object-oriented-programming\les-2\les 2\obj\debug\les 2.tlog\rc.read.1.tlog
e:\users\s_dae\documents\open frameworks\apps\heavy-object-oriented-programming\les-2\les 2\obj\debug\les 2.tlog\rc.write.1.tlog
